<?xml version="1.0" encoding="UTF-8"?>
<!-- Generated by org.testng.reporters.JUnitReportReporter -->
<testsuite hostname="C40-SF-22" name="testScripts.AcceptQueue" tests="2" failures="0" timestamp="10 Feb 2017 11:13:56 GMT" time="304.756" errors="0">
  <testcase name="openAcceptanceQueue" time="3.328" classname="testScripts.AcceptQueue"/>
  <testcase name="acceptQueue" time="301.428" classname="testScripts.AcceptQueue"/>
</testsuite> <!-- testScripts.AcceptQueue -->
