<?xml version="1.0" encoding="UTF-8"?>
<!-- Generated by org.testng.reporters.JUnitReportReporter -->
<testsuite hostname="C40-SF-22" name="testScripts.ReleasePO" tests="3" failures="0" timestamp="10 Feb 2017 11:13:56 GMT" time="225.859" errors="0">
  <testcase name="confirmPO" time="108.949" classname="testScripts.ReleasePO"/>
  <testcase name="savePO" time="62.890" classname="testScripts.ReleasePO"/>
  <testcase name="openPurchaseOrderRelease" time="54.020" classname="testScripts.ReleasePO"/>
</testsuite> <!-- testScripts.ReleasePO -->
