<?xml version="1.0" encoding="UTF-8"?>
<!-- Generated by org.testng.reporters.JUnitReportReporter -->
<testsuite hostname="C40-SF-22" name="testScripts.VisionLogin" tests="1" failures="0" timestamp="10 Feb 2017 11:13:56 GMT" time="10.894" errors="0">
  <testcase name="loginQA" time="10.894" classname="testScripts.VisionLogin"/>
</testsuite> <!-- testScripts.VisionLogin -->
